current directory: /home/runner/work/r-raster-vector-geospatial/r-raster-vector-geospatial/.vendor/bundle/ruby/2.7.0/gems/eventmachine-1.2.7/ext/fastfilereader
/opt/hostedtoolcache/Ruby/2.7.6/x64/bin/ruby -I /opt/hostedtoolcache/Ruby/2.7.6/x64/lib/ruby/2.7.0 -r ./siteconf20220610-12156-13ikxah.rb extconf.rb
creating Makefile

current directory: /home/runner/work/r-raster-vector-geospatial/r-raster-vector-geospatial/.vendor/bundle/ruby/2.7.0/gems/eventmachine-1.2.7/ext/fastfilereader
make "DESTDIR=" clean
make[1]: Entering directory '/home/runner/work/r-raster-vector-geospatial/r-raster-vector-geospatial/.vendor/bundle/ruby/2.7.0/gems/eventmachine-1.2.7/ext/fastfilereader'
Makefile:175: warning: overriding recipe for target 'clean'
make[1]: Entering directory '/home/runner/work/r-raster-vector-geospatial/r-raster-vector-geospatial/.vendor/bundle/ruby/2.7.0/gems/eventmachine-1.2.7/ext/fastfilereader'
:175: warning: ignoring old recipe for target 'clean'
Makefile:182: warning: overriding recipe for target 'distclean'
make[1]: Entering directory '/home/runner/work/r-raster-vector-geospatial/r-raster-vector-geospatial/.vendor/bundle/ruby/2.7.0/gems/eventmachine-1.2.7/ext/fastfilereader'
:182: warning: ignoring old recipe for target 'distclean'
Makefile:190: warning: overriding recipe for target 'install-so'
make[1]: Entering directory '/home/runner/work/r-raster-vector-geospatial/r-raster-vector-geospatial/.vendor/bundle/ruby/2.7.0/gems/eventmachine-1.2.7/ext/fastfilereader'
:190: warning: ignoring old recipe for target 'install-so'
Makefile:200: warning: overriding recipe for target 'pre-install-rb-default'
make[1]: Entering directory '/home/runner/work/r-raster-vector-geospatial/r-raster-vector-geospatial/.vendor/bundle/ruby/2.7.0/gems/eventmachine-1.2.7/ext/fastfilereader'
:200: warning: ignoring old recipe for target 'pre-install-rb-default'
Makefile:202: warning: overriding recipe for target '.sitearchdir.time'
make[1]: Entering directory '/home/runner/work/r-raster-vector-geospatial/r-raster-vector-geospatial/.vendor/bundle/ruby/2.7.0/gems/eventmachine-1.2.7/ext/fastfilereader'
:202: warning: ignoring old recipe for target '.sitearchdir.time'
Makefile:212: warning: overriding recipe for target '.cc.o'
make[1]: Entering directory '/home/runner/work/r-raster-vector-geospatial/r-raster-vector-geospatial/.vendor/bundle/ruby/2.7.0/gems/eventmachine-1.2.7/ext/fastfilereader'
:212: warning: ignoring old recipe for target '.cc.o'
Makefile:216: warning: overriding recipe for target '.cc.S'
make[1]: Entering directory '/home/runner/work/r-raster-vector-geospatial/r-raster-vector-geospatial/.vendor/bundle/ruby/2.7.0/gems/eventmachine-1.2.7/ext/fastfilereader'
:216: warning: ignoring old recipe for target '.cc.S'
Makefile:220: warning: overriding recipe for target '.mm.o'
make[1]: Entering directory '/home/runner/work/r-raster-vector-geospatial/r-raster-vector-geospatial/.vendor/bundle/ruby/2.7.0/gems/eventmachine-1.2.7/ext/fastfilereader'
:220: warning: ignoring old recipe for target '.mm.o'
Makefile:224: warning: overriding recipe for target '.mm.S'
make[1]: Entering directory '/home/runner/work/r-raster-vector-geospatial/r-raster-vector-geospatial/.vendor/bundle/ruby/2.7.0/gems/eventmachine-1.2.7/ext/fastfilereader'
:224: warning: ignoring old recipe for target '.mm.S'
Makefile:228: warning: overriding recipe for target '.cxx.o'
make[1]: Entering directory '/home/runner/work/r-raster-vector-geospatial/r-raster-vector-geospatial/.vendor/bundle/ruby/2.7.0/gems/eventmachine-1.2.7/ext/fastfilereader'
:228: warning: ignoring old recipe for target '.cxx.o'
Makefile:232: warning: overriding recipe for target '.cxx.S'
make[1]: Entering directory '/home/runner/work/r-raster-vector-geospatial/r-raster-vector-geospatial/.vendor/bundle/ruby/2.7.0/gems/eventmachine-1.2.7/ext/fastfilereader'
:232: warning: ignoring old recipe for target '.cxx.S'
Makefile:236: warning: overriding recipe for target '.cpp.o'
make[1]: Entering directory '/home/runner/work/r-raster-vector-geospatial/r-raster-vector-geospatial/.vendor/bundle/ruby/2.7.0/gems/eventmachine-1.2.7/ext/fastfilereader'
:236: warning: ignoring old recipe for target '.cpp.o'
Makefile:240: warning: overriding recipe for target '.cpp.S'
make[1]: Entering directory '/home/runner/work/r-raster-vector-geospatial/r-raster-vector-geospatial/.vendor/bundle/ruby/2.7.0/gems/eventmachine-1.2.7/ext/fastfilereader'
:240: warning: ignoring old recipe for target '.cpp.S'
Makefile:244: warning: overriding recipe for target '.c.o'
make[1]: Entering directory '/home/runner/work/r-raster-vector-geospatial/r-raster-vector-geospatial/.vendor/bundle/ruby/2.7.0/gems/eventmachine-1.2.7/ext/fastfilereader'
:244: warning: ignoring old recipe for target '.c.o'
Makefile:248: warning: overriding recipe for target '.c.S'
make[1]: Entering directory '/home/runner/work/r-raster-vector-geospatial/r-raster-vector-geospatial/.vendor/bundle/ruby/2.7.0/gems/eventmachine-1.2.7/ext/fastfilereader'
:248: warning: ignoring old recipe for target '.c.S'
Makefile:252: warning: overriding recipe for target '.m.o'
make[1]: Entering directory '/home/runner/work/r-raster-vector-geospatial/r-raster-vector-geospatial/.vendor/bundle/ruby/2.7.0/gems/eventmachine-1.2.7/ext/fastfilereader'
:252: warning: ignoring old recipe for target '.m.o'
Makefile:256: warning: overriding recipe for target '.m.S'
make[1]: Entering directory '/home/runner/work/r-raster-vector-geospatial/r-raster-vector-geospatial/.vendor/bundle/ruby/2.7.0/gems/eventmachine-1.2.7/ext/fastfilereader'
:256: warning: ignoring old recipe for target '.m.S'
Makefile:260: warning: overriding recipe for target 'fastfilereaderext.so'
make[1]: Entering directory '/home/runner/work/r-raster-vector-geospatial/r-raster-vector-geospatial/.vendor/bundle/ruby/2.7.0/gems/eventmachine-1.2.7/ext/fastfilereader'
:260: warning: ignoring old recipe for target 'fastfilereaderext.so'
make[1]: Leaving directory '/home/runner/work/r-raster-vector-geospatial/r-raster-vector-geospatial/.vendor/bundle/ruby/2.7.0/gems/eventmachine-1.2.7/ext/fastfilereader'

current directory: /home/runner/work/r-raster-vector-geospatial/r-raster-vector-geospatial/.vendor/bundle/ruby/2.7.0/gems/eventmachine-1.2.7/ext/fastfilereader
make "DESTDIR="
make[1]: Entering directory '/home/runner/work/r-raster-vector-geospatial/r-raster-vector-geospatial/.vendor/bundle/ruby/2.7.0/gems/eventmachine-1.2.7/ext/fastfilereader'
Makefile:175: warning: overriding recipe for target 'clean'
make[1]: Entering directory '/home/runner/work/r-raster-vector-geospatial/r-raster-vector-geospatial/.vendor/bundle/ruby/2.7.0/gems/eventmachine-1.2.7/ext/fastfilereader'
:175: warning: ignoring old recipe for target 'clean'
Makefile:182: warning: overriding recipe for target 'distclean'
make[1]: Entering directory '/home/runner/work/r-raster-vector-geospatial/r-raster-vector-geospatial/.vendor/bundle/ruby/2.7.0/gems/eventmachine-1.2.7/ext/fastfilereader'
:182: warning: ignoring old recipe for target 'distclean'
Makefile:190: warning: overriding recipe for target 'install-so'
make[1]: Entering directory '/home/runner/work/r-raster-vector-geospatial/r-raster-vector-geospatial/.vendor/bundle/ruby/2.7.0/gems/eventmachine-1.2.7/ext/fastfilereader'
:190: warning: ignoring old recipe for target 'install-so'
Makefile:200: warning: overriding recipe for target 'pre-install-rb-default'
make[1]: Entering directory '/home/runner/work/r-raster-vector-geospatial/r-raster-vector-geospatial/.vendor/bundle/ruby/2.7.0/gems/eventmachine-1.2.7/ext/fastfilereader'
:200: warning: ignoring old recipe for target 'pre-install-rb-default'
Makefile:202: warning: overriding recipe for target '.sitearchdir.time'
make[1]: Entering directory '/home/runner/work/r-raster-vector-geospatial/r-raster-vector-geospatial/.vendor/bundle/ruby/2.7.0/gems/eventmachine-1.2.7/ext/fastfilereader'
:202: warning: ignoring old recipe for target '.sitearchdir.time'
Makefile:212: warning: overriding recipe for target '.cc.o'
make[1]: Entering directory '/home/runner/work/r-raster-vector-geospatial/r-raster-vector-geospatial/.vendor/bundle/ruby/2.7.0/gems/eventmachine-1.2.7/ext/fastfilereader'
:212: warning: ignoring old recipe for target '.cc.o'
Makefile:216: warning: overriding recipe for target '.cc.S'
make[1]: Entering directory '/home/runner/work/r-raster-vector-geospatial/r-raster-vector-geospatial/.vendor/bundle/ruby/2.7.0/gems/eventmachine-1.2.7/ext/fastfilereader'
:216: warning: ignoring old recipe for target '.cc.S'
Makefile:220: warning: overriding recipe for target '.mm.o'
make[1]: Entering directory '/home/runner/work/r-raster-vector-geospatial/r-raster-vector-geospatial/.vendor/bundle/ruby/2.7.0/gems/eventmachine-1.2.7/ext/fastfilereader'
:220: warning: ignoring old recipe for target '.mm.o'
Makefile:224: warning: overriding recipe for target '.mm.S'
make[1]: Entering directory '/home/runner/work/r-raster-vector-geospatial/r-raster-vector-geospatial/.vendor/bundle/ruby/2.7.0/gems/eventmachine-1.2.7/ext/fastfilereader'
:224: warning: ignoring old recipe for target '.mm.S'
Makefile:228: warning: overriding recipe for target '.cxx.o'
make[1]: Entering directory '/home/runner/work/r-raster-vector-geospatial/r-raster-vector-geospatial/.vendor/bundle/ruby/2.7.0/gems/eventmachine-1.2.7/ext/fastfilereader'
:228: warning: ignoring old recipe for target '.cxx.o'
Makefile:232: warning: overriding recipe for target '.cxx.S'
make[1]: Entering directory '/home/runner/work/r-raster-vector-geospatial/r-raster-vector-geospatial/.vendor/bundle/ruby/2.7.0/gems/eventmachine-1.2.7/ext/fastfilereader'
:232: warning: ignoring old recipe for target '.cxx.S'
Makefile:236: warning: overriding recipe for target '.cpp.o'
make[1]: Entering directory '/home/runner/work/r-raster-vector-geospatial/r-raster-vector-geospatial/.vendor/bundle/ruby/2.7.0/gems/eventmachine-1.2.7/ext/fastfilereader'
:236: warning: ignoring old recipe for target '.cpp.o'
Makefile:240: warning: overriding recipe for target '.cpp.S'
make[1]: Entering directory '/home/runner/work/r-raster-vector-geospatial/r-raster-vector-geospatial/.vendor/bundle/ruby/2.7.0/gems/eventmachine-1.2.7/ext/fastfilereader'
:240: warning: ignoring old recipe for target '.cpp.S'
Makefile:244: warning: overriding recipe for target '.c.o'
make[1]: Entering directory '/home/runner/work/r-raster-vector-geospatial/r-raster-vector-geospatial/.vendor/bundle/ruby/2.7.0/gems/eventmachine-1.2.7/ext/fastfilereader'
:244: warning: ignoring old recipe for target '.c.o'
Makefile:248: warning: overriding recipe for target '.c.S'
make[1]: Entering directory '/home/runner/work/r-raster-vector-geospatial/r-raster-vector-geospatial/.vendor/bundle/ruby/2.7.0/gems/eventmachine-1.2.7/ext/fastfilereader'
:248: warning: ignoring old recipe for target '.c.S'
Makefile:252: warning: overriding recipe for target '.m.o'
make[1]: Entering directory '/home/runner/work/r-raster-vector-geospatial/r-raster-vector-geospatial/.vendor/bundle/ruby/2.7.0/gems/eventmachine-1.2.7/ext/fastfilereader'
:252: warning: ignoring old recipe for target '.m.o'
Makefile:256: warning: overriding recipe for target '.m.S'
make[1]: Entering directory '/home/runner/work/r-raster-vector-geospatial/r-raster-vector-geospatial/.vendor/bundle/ruby/2.7.0/gems/eventmachine-1.2.7/ext/fastfilereader'
:256: warning: ignoring old recipe for target '.m.S'
Makefile:260: warning: overriding recipe for target 'fastfilereaderext.so'
make[1]: Entering directory '/home/runner/work/r-raster-vector-geospatial/r-raster-vector-geospatial/.vendor/bundle/ruby/2.7.0/gems/eventmachine-1.2.7/ext/fastfilereader'
:260: warning: ignoring old recipe for target 'fastfilereaderext.so'
compiling mapper.cpp
compiling rubymain.cpp
linking shared-object fastfilereaderext.so
make[1]: Leaving directory '/home/runner/work/r-raster-vector-geospatial/r-raster-vector-geospatial/.vendor/bundle/ruby/2.7.0/gems/eventmachine-1.2.7/ext/fastfilereader'

current directory: /home/runner/work/r-raster-vector-geospatial/r-raster-vector-geospatial/.vendor/bundle/ruby/2.7.0/gems/eventmachine-1.2.7/ext/fastfilereader
make "DESTDIR=" install
make[1]: Entering directory '/home/runner/work/r-raster-vector-geospatial/r-raster-vector-geospatial/.vendor/bundle/ruby/2.7.0/gems/eventmachine-1.2.7/ext/fastfilereader'
Makefile:175: warning: overriding recipe for target 'clean'
make[1]: Entering directory '/home/runner/work/r-raster-vector-geospatial/r-raster-vector-geospatial/.vendor/bundle/ruby/2.7.0/gems/eventmachine-1.2.7/ext/fastfilereader'
:175: warning: ignoring old recipe for target 'clean'
Makefile:182: warning: overriding recipe for target 'distclean'
make[1]: Entering directory '/home/runner/work/r-raster-vector-geospatial/r-raster-vector-geospatial/.vendor/bundle/ruby/2.7.0/gems/eventmachine-1.2.7/ext/fastfilereader'
:182: warning: ignoring old recipe for target 'distclean'
Makefile:190: warning: overriding recipe for target 'install-so'
make[1]: Entering directory '/home/runner/work/r-raster-vector-geospatial/r-raster-vector-geospatial/.vendor/bundle/ruby/2.7.0/gems/eventmachine-1.2.7/ext/fastfilereader'
:190: warning: ignoring old recipe for target 'install-so'
Makefile:200: warning: overriding recipe for target 'pre-install-rb-default'
make[1]: Entering directory '/home/runner/work/r-raster-vector-geospatial/r-raster-vector-geospatial/.vendor/bundle/ruby/2.7.0/gems/eventmachine-1.2.7/ext/fastfilereader'
:200: warning: ignoring old recipe for target 'pre-install-rb-default'
Makefile:202: warning: overriding recipe for target '.sitearchdir.time'
make[1]: Entering directory '/home/runner/work/r-raster-vector-geospatial/r-raster-vector-geospatial/.vendor/bundle/ruby/2.7.0/gems/eventmachine-1.2.7/ext/fastfilereader'
:202: warning: ignoring old recipe for target '.sitearchdir.time'
Makefile:212: warning: overriding recipe for target '.cc.o'
make[1]: Entering directory '/home/runner/work/r-raster-vector-geospatial/r-raster-vector-geospatial/.vendor/bundle/ruby/2.7.0/gems/eventmachine-1.2.7/ext/fastfilereader'
:212: warning: ignoring old recipe for target '.cc.o'
Makefile:216: warning: overriding recipe for target '.cc.S'
make[1]: Entering directory '/home/runner/work/r-raster-vector-geospatial/r-raster-vector-geospatial/.vendor/bundle/ruby/2.7.0/gems/eventmachine-1.2.7/ext/fastfilereader'
:216: warning: ignoring old recipe for target '.cc.S'
Makefile:220: warning: overriding recipe for target '.mm.o'
make[1]: Entering directory '/home/runner/work/r-raster-vector-geospatial/r-raster-vector-geospatial/.vendor/bundle/ruby/2.7.0/gems/eventmachine-1.2.7/ext/fastfilereader'
:220: warning: ignoring old recipe for target '.mm.o'
Makefile:224: warning: overriding recipe for target '.mm.S'
make[1]: Entering directory '/home/runner/work/r-raster-vector-geospatial/r-raster-vector-geospatial/.vendor/bundle/ruby/2.7.0/gems/eventmachine-1.2.7/ext/fastfilereader'
:224: warning: ignoring old recipe for target '.mm.S'
Makefile:228: warning: overriding recipe for target '.cxx.o'
make[1]: Entering directory '/home/runner/work/r-raster-vector-geospatial/r-raster-vector-geospatial/.vendor/bundle/ruby/2.7.0/gems/eventmachine-1.2.7/ext/fastfilereader'
:228: warning: ignoring old recipe for target '.cxx.o'
Makefile:232: warning: overriding recipe for target '.cxx.S'
make[1]: Entering directory '/home/runner/work/r-raster-vector-geospatial/r-raster-vector-geospatial/.vendor/bundle/ruby/2.7.0/gems/eventmachine-1.2.7/ext/fastfilereader'
:232: warning: ignoring old recipe for target '.cxx.S'
Makefile:236: warning: overriding recipe for target '.cpp.o'
make[1]: Entering directory '/home/runner/work/r-raster-vector-geospatial/r-raster-vector-geospatial/.vendor/bundle/ruby/2.7.0/gems/eventmachine-1.2.7/ext/fastfilereader'
:236: warning: ignoring old recipe for target '.cpp.o'
Makefile:240: warning: overriding recipe for target '.cpp.S'
make[1]: Entering directory '/home/runner/work/r-raster-vector-geospatial/r-raster-vector-geospatial/.vendor/bundle/ruby/2.7.0/gems/eventmachine-1.2.7/ext/fastfilereader'
:240: warning: ignoring old recipe for target '.cpp.S'
Makefile:244: warning: overriding recipe for target '.c.o'
make[1]: Entering directory '/home/runner/work/r-raster-vector-geospatial/r-raster-vector-geospatial/.vendor/bundle/ruby/2.7.0/gems/eventmachine-1.2.7/ext/fastfilereader'
:244: warning: ignoring old recipe for target '.c.o'
Makefile:248: warning: overriding recipe for target '.c.S'
make[1]: Entering directory '/home/runner/work/r-raster-vector-geospatial/r-raster-vector-geospatial/.vendor/bundle/ruby/2.7.0/gems/eventmachine-1.2.7/ext/fastfilereader'
:248: warning: ignoring old recipe for target '.c.S'
Makefile:252: warning: overriding recipe for target '.m.o'
make[1]: Entering directory '/home/runner/work/r-raster-vector-geospatial/r-raster-vector-geospatial/.vendor/bundle/ruby/2.7.0/gems/eventmachine-1.2.7/ext/fastfilereader'
:252: warning: ignoring old recipe for target '.m.o'
Makefile:256: warning: overriding recipe for target '.m.S'
make[1]: Entering directory '/home/runner/work/r-raster-vector-geospatial/r-raster-vector-geospatial/.vendor/bundle/ruby/2.7.0/gems/eventmachine-1.2.7/ext/fastfilereader'
:256: warning: ignoring old recipe for target '.m.S'
Makefile:260: warning: overriding recipe for target 'fastfilereaderext.so'
make[1]: Entering directory '/home/runner/work/r-raster-vector-geospatial/r-raster-vector-geospatial/.vendor/bundle/ruby/2.7.0/gems/eventmachine-1.2.7/ext/fastfilereader'
:260: warning: ignoring old recipe for target 'fastfilereaderext.so'
/usr/bin/install -c -m 0755 fastfilereaderext.so ./.gem.20220610-12156-12n36ft
make[1]: Leaving directory '/home/runner/work/r-raster-vector-geospatial/r-raster-vector-geospatial/.vendor/bundle/ruby/2.7.0/gems/eventmachine-1.2.7/ext/fastfilereader'
