current directory: /home/runner/work/r-raster-vector-geospatial/r-raster-vector-geospatial/.vendor/bundle/ruby/2.7.0/gems/racc-1.6.1/ext/racc/cparse
/opt/hostedtoolcache/Ruby/2.7.7/x64/bin/ruby -I /opt/hostedtoolcache/Ruby/2.7.7/x64/lib/ruby/2.7.0 -r ./siteconf20221216-7624-zo2oa4.rb extconf.rb
checking for rb_block_call()... yes
checking for rb_ary_subseq()... yes
creating Makefile

current directory: /home/runner/work/r-raster-vector-geospatial/r-raster-vector-geospatial/.vendor/bundle/ruby/2.7.0/gems/racc-1.6.1/ext/racc/cparse
make "DESTDIR=" clean
make[1]: Entering directory '/home/runner/work/r-raster-vector-geospatial/r-raster-vector-geospatial/.vendor/bundle/ruby/2.7.0/gems/racc-1.6.1/ext/racc/cparse'
Makefile:176: warning: overriding recipe for target 'clean'
make[1]: Entering directory '/home/runner/work/r-raster-vector-geospatial/r-raster-vector-geospatial/.vendor/bundle/ruby/2.7.0/gems/racc-1.6.1/ext/racc/cparse'
:176: warning: ignoring old recipe for target 'clean'
Makefile:183: warning: overriding recipe for target 'distclean'
make[1]: Entering directory '/home/runner/work/r-raster-vector-geospatial/r-raster-vector-geospatial/.vendor/bundle/ruby/2.7.0/gems/racc-1.6.1/ext/racc/cparse'
:183: warning: ignoring old recipe for target 'distclean'
Makefile:191: warning: overriding recipe for target 'install-so'
make[1]: Entering directory '/home/runner/work/r-raster-vector-geospatial/r-raster-vector-geospatial/.vendor/bundle/ruby/2.7.0/gems/racc-1.6.1/ext/racc/cparse'
:191: warning: ignoring old recipe for target 'install-so'
Makefile:201: warning: overriding recipe for target 'pre-install-rb-default'
make[1]: Entering directory '/home/runner/work/r-raster-vector-geospatial/r-raster-vector-geospatial/.vendor/bundle/ruby/2.7.0/gems/racc-1.6.1/ext/racc/cparse'
:201: warning: ignoring old recipe for target 'pre-install-rb-default'
Makefile:203: warning: overriding recipe for target '.sitearchdir.-.racc.time'
make[1]: Entering directory '/home/runner/work/r-raster-vector-geospatial/r-raster-vector-geospatial/.vendor/bundle/ruby/2.7.0/gems/racc-1.6.1/ext/racc/cparse'
:203: warning: ignoring old recipe for target '.sitearchdir.-.racc.time'
Makefile:213: warning: overriding recipe for target '.cc.o'
make[1]: Entering directory '/home/runner/work/r-raster-vector-geospatial/r-raster-vector-geospatial/.vendor/bundle/ruby/2.7.0/gems/racc-1.6.1/ext/racc/cparse'
:213: warning: ignoring old recipe for target '.cc.o'
Makefile:217: warning: overriding recipe for target '.cc.S'
make[1]: Entering directory '/home/runner/work/r-raster-vector-geospatial/r-raster-vector-geospatial/.vendor/bundle/ruby/2.7.0/gems/racc-1.6.1/ext/racc/cparse'
:217: warning: ignoring old recipe for target '.cc.S'
Makefile:221: warning: overriding recipe for target '.mm.o'
make[1]: Entering directory '/home/runner/work/r-raster-vector-geospatial/r-raster-vector-geospatial/.vendor/bundle/ruby/2.7.0/gems/racc-1.6.1/ext/racc/cparse'
:221: warning: ignoring old recipe for target '.mm.o'
Makefile:225: warning: overriding recipe for target '.mm.S'
make[1]: Entering directory '/home/runner/work/r-raster-vector-geospatial/r-raster-vector-geospatial/.vendor/bundle/ruby/2.7.0/gems/racc-1.6.1/ext/racc/cparse'
:225: warning: ignoring old recipe for target '.mm.S'
Makefile:229: warning: overriding recipe for target '.cxx.o'
make[1]: Entering directory '/home/runner/work/r-raster-vector-geospatial/r-raster-vector-geospatial/.vendor/bundle/ruby/2.7.0/gems/racc-1.6.1/ext/racc/cparse'
:229: warning: ignoring old recipe for target '.cxx.o'
Makefile:233: warning: overriding recipe for target '.cxx.S'
make[1]: Entering directory '/home/runner/work/r-raster-vector-geospatial/r-raster-vector-geospatial/.vendor/bundle/ruby/2.7.0/gems/racc-1.6.1/ext/racc/cparse'
:233: warning: ignoring old recipe for target '.cxx.S'
Makefile:237: warning: overriding recipe for target '.cpp.o'
make[1]: Entering directory '/home/runner/work/r-raster-vector-geospatial/r-raster-vector-geospatial/.vendor/bundle/ruby/2.7.0/gems/racc-1.6.1/ext/racc/cparse'
:237: warning: ignoring old recipe for target '.cpp.o'
Makefile:241: warning: overriding recipe for target '.cpp.S'
make[1]: Entering directory '/home/runner/work/r-raster-vector-geospatial/r-raster-vector-geospatial/.vendor/bundle/ruby/2.7.0/gems/racc-1.6.1/ext/racc/cparse'
:241: warning: ignoring old recipe for target '.cpp.S'
Makefile:245: warning: overriding recipe for target '.c.o'
make[1]: Entering directory '/home/runner/work/r-raster-vector-geospatial/r-raster-vector-geospatial/.vendor/bundle/ruby/2.7.0/gems/racc-1.6.1/ext/racc/cparse'
:245: warning: ignoring old recipe for target '.c.o'
Makefile:249: warning: overriding recipe for target '.c.S'
make[1]: Entering directory '/home/runner/work/r-raster-vector-geospatial/r-raster-vector-geospatial/.vendor/bundle/ruby/2.7.0/gems/racc-1.6.1/ext/racc/cparse'
:249: warning: ignoring old recipe for target '.c.S'
Makefile:253: warning: overriding recipe for target '.m.o'
make[1]: Entering directory '/home/runner/work/r-raster-vector-geospatial/r-raster-vector-geospatial/.vendor/bundle/ruby/2.7.0/gems/racc-1.6.1/ext/racc/cparse'
:253: warning: ignoring old recipe for target '.m.o'
Makefile:257: warning: overriding recipe for target '.m.S'
make[1]: Entering directory '/home/runner/work/r-raster-vector-geospatial/r-raster-vector-geospatial/.vendor/bundle/ruby/2.7.0/gems/racc-1.6.1/ext/racc/cparse'
:257: warning: ignoring old recipe for target '.m.S'
Makefile:261: warning: overriding recipe for target 'cparse.so'
make[1]: Entering directory '/home/runner/work/r-raster-vector-geospatial/r-raster-vector-geospatial/.vendor/bundle/ruby/2.7.0/gems/racc-1.6.1/ext/racc/cparse'
:261: warning: ignoring old recipe for target 'cparse.so'
make[1]: Leaving directory '/home/runner/work/r-raster-vector-geospatial/r-raster-vector-geospatial/.vendor/bundle/ruby/2.7.0/gems/racc-1.6.1/ext/racc/cparse'

current directory: /home/runner/work/r-raster-vector-geospatial/r-raster-vector-geospatial/.vendor/bundle/ruby/2.7.0/gems/racc-1.6.1/ext/racc/cparse
make "DESTDIR="
make[1]: Entering directory '/home/runner/work/r-raster-vector-geospatial/r-raster-vector-geospatial/.vendor/bundle/ruby/2.7.0/gems/racc-1.6.1/ext/racc/cparse'
Makefile:176: warning: overriding recipe for target 'clean'
make[1]: Entering directory '/home/runner/work/r-raster-vector-geospatial/r-raster-vector-geospatial/.vendor/bundle/ruby/2.7.0/gems/racc-1.6.1/ext/racc/cparse'
:176: warning: ignoring old recipe for target 'clean'
Makefile:183: warning: overriding recipe for target 'distclean'
make[1]: Entering directory '/home/runner/work/r-raster-vector-geospatial/r-raster-vector-geospatial/.vendor/bundle/ruby/2.7.0/gems/racc-1.6.1/ext/racc/cparse'
:183: warning: ignoring old recipe for target 'distclean'
Makefile:191: warning: overriding recipe for target 'install-so'
make[1]: Entering directory '/home/runner/work/r-raster-vector-geospatial/r-raster-vector-geospatial/.vendor/bundle/ruby/2.7.0/gems/racc-1.6.1/ext/racc/cparse'
:191: warning: ignoring old recipe for target 'install-so'
Makefile:201: warning: overriding recipe for target 'pre-install-rb-default'
make[1]: Entering directory '/home/runner/work/r-raster-vector-geospatial/r-raster-vector-geospatial/.vendor/bundle/ruby/2.7.0/gems/racc-1.6.1/ext/racc/cparse'
:201: warning: ignoring old recipe for target 'pre-install-rb-default'
Makefile:203: warning: overriding recipe for target '.sitearchdir.-.racc.time'
make[1]: Entering directory '/home/runner/work/r-raster-vector-geospatial/r-raster-vector-geospatial/.vendor/bundle/ruby/2.7.0/gems/racc-1.6.1/ext/racc/cparse'
:203: warning: ignoring old recipe for target '.sitearchdir.-.racc.time'
Makefile:213: warning: overriding recipe for target '.cc.o'
make[1]: Entering directory '/home/runner/work/r-raster-vector-geospatial/r-raster-vector-geospatial/.vendor/bundle/ruby/2.7.0/gems/racc-1.6.1/ext/racc/cparse'
:213: warning: ignoring old recipe for target '.cc.o'
Makefile:217: warning: overriding recipe for target '.cc.S'
make[1]: Entering directory '/home/runner/work/r-raster-vector-geospatial/r-raster-vector-geospatial/.vendor/bundle/ruby/2.7.0/gems/racc-1.6.1/ext/racc/cparse'
:217: warning: ignoring old recipe for target '.cc.S'
Makefile:221: warning: overriding recipe for target '.mm.o'
make[1]: Entering directory '/home/runner/work/r-raster-vector-geospatial/r-raster-vector-geospatial/.vendor/bundle/ruby/2.7.0/gems/racc-1.6.1/ext/racc/cparse'
:221: warning: ignoring old recipe for target '.mm.o'
Makefile:225: warning: overriding recipe for target '.mm.S'
make[1]: Entering directory '/home/runner/work/r-raster-vector-geospatial/r-raster-vector-geospatial/.vendor/bundle/ruby/2.7.0/gems/racc-1.6.1/ext/racc/cparse'
:225: warning: ignoring old recipe for target '.mm.S'
Makefile:229: warning: overriding recipe for target '.cxx.o'
make[1]: Entering directory '/home/runner/work/r-raster-vector-geospatial/r-raster-vector-geospatial/.vendor/bundle/ruby/2.7.0/gems/racc-1.6.1/ext/racc/cparse'
:229: warning: ignoring old recipe for target '.cxx.o'
Makefile:233: warning: overriding recipe for target '.cxx.S'
make[1]: Entering directory '/home/runner/work/r-raster-vector-geospatial/r-raster-vector-geospatial/.vendor/bundle/ruby/2.7.0/gems/racc-1.6.1/ext/racc/cparse'
:233: warning: ignoring old recipe for target '.cxx.S'
Makefile:237: warning: overriding recipe for target '.cpp.o'
make[1]: Entering directory '/home/runner/work/r-raster-vector-geospatial/r-raster-vector-geospatial/.vendor/bundle/ruby/2.7.0/gems/racc-1.6.1/ext/racc/cparse'
:237: warning: ignoring old recipe for target '.cpp.o'
Makefile:241: warning: overriding recipe for target '.cpp.S'
make[1]: Entering directory '/home/runner/work/r-raster-vector-geospatial/r-raster-vector-geospatial/.vendor/bundle/ruby/2.7.0/gems/racc-1.6.1/ext/racc/cparse'
:241: warning: ignoring old recipe for target '.cpp.S'
Makefile:245: warning: overriding recipe for target '.c.o'
make[1]: Entering directory '/home/runner/work/r-raster-vector-geospatial/r-raster-vector-geospatial/.vendor/bundle/ruby/2.7.0/gems/racc-1.6.1/ext/racc/cparse'
:245: warning: ignoring old recipe for target '.c.o'
Makefile:249: warning: overriding recipe for target '.c.S'
make[1]: Entering directory '/home/runner/work/r-raster-vector-geospatial/r-raster-vector-geospatial/.vendor/bundle/ruby/2.7.0/gems/racc-1.6.1/ext/racc/cparse'
:249: warning: ignoring old recipe for target '.c.S'
Makefile:253: warning: overriding recipe for target '.m.o'
make[1]: Entering directory '/home/runner/work/r-raster-vector-geospatial/r-raster-vector-geospatial/.vendor/bundle/ruby/2.7.0/gems/racc-1.6.1/ext/racc/cparse'
:253: warning: ignoring old recipe for target '.m.o'
Makefile:257: warning: overriding recipe for target '.m.S'
make[1]: Entering directory '/home/runner/work/r-raster-vector-geospatial/r-raster-vector-geospatial/.vendor/bundle/ruby/2.7.0/gems/racc-1.6.1/ext/racc/cparse'
:257: warning: ignoring old recipe for target '.m.S'
Makefile:261: warning: overriding recipe for target 'cparse.so'
make[1]: Entering directory '/home/runner/work/r-raster-vector-geospatial/r-raster-vector-geospatial/.vendor/bundle/ruby/2.7.0/gems/racc-1.6.1/ext/racc/cparse'
:261: warning: ignoring old recipe for target 'cparse.so'
compiling cparse.c
linking shared-object racc/cparse.so
make[1]: Leaving directory '/home/runner/work/r-raster-vector-geospatial/r-raster-vector-geospatial/.vendor/bundle/ruby/2.7.0/gems/racc-1.6.1/ext/racc/cparse'

current directory: /home/runner/work/r-raster-vector-geospatial/r-raster-vector-geospatial/.vendor/bundle/ruby/2.7.0/gems/racc-1.6.1/ext/racc/cparse
make "DESTDIR=" install
make[1]: Entering directory '/home/runner/work/r-raster-vector-geospatial/r-raster-vector-geospatial/.vendor/bundle/ruby/2.7.0/gems/racc-1.6.1/ext/racc/cparse'
Makefile:176: warning: overriding recipe for target 'clean'
make[1]: Entering directory '/home/runner/work/r-raster-vector-geospatial/r-raster-vector-geospatial/.vendor/bundle/ruby/2.7.0/gems/racc-1.6.1/ext/racc/cparse'
:176: warning: ignoring old recipe for target 'clean'
Makefile:183: warning: overriding recipe for target 'distclean'
make[1]: Entering directory '/home/runner/work/r-raster-vector-geospatial/r-raster-vector-geospatial/.vendor/bundle/ruby/2.7.0/gems/racc-1.6.1/ext/racc/cparse'
:183: warning: ignoring old recipe for target 'distclean'
Makefile:191: warning: overriding recipe for target 'install-so'
make[1]: Entering directory '/home/runner/work/r-raster-vector-geospatial/r-raster-vector-geospatial/.vendor/bundle/ruby/2.7.0/gems/racc-1.6.1/ext/racc/cparse'
:191: warning: ignoring old recipe for target 'install-so'
Makefile:201: warning: overriding recipe for target 'pre-install-rb-default'
make[1]: Entering directory '/home/runner/work/r-raster-vector-geospatial/r-raster-vector-geospatial/.vendor/bundle/ruby/2.7.0/gems/racc-1.6.1/ext/racc/cparse'
:201: warning: ignoring old recipe for target 'pre-install-rb-default'
Makefile:203: warning: overriding recipe for target '.sitearchdir.-.racc.time'
make[1]: Entering directory '/home/runner/work/r-raster-vector-geospatial/r-raster-vector-geospatial/.vendor/bundle/ruby/2.7.0/gems/racc-1.6.1/ext/racc/cparse'
:203: warning: ignoring old recipe for target '.sitearchdir.-.racc.time'
Makefile:213: warning: overriding recipe for target '.cc.o'
make[1]: Entering directory '/home/runner/work/r-raster-vector-geospatial/r-raster-vector-geospatial/.vendor/bundle/ruby/2.7.0/gems/racc-1.6.1/ext/racc/cparse'
:213: warning: ignoring old recipe for target '.cc.o'
Makefile:217: warning: overriding recipe for target '.cc.S'
make[1]: Entering directory '/home/runner/work/r-raster-vector-geospatial/r-raster-vector-geospatial/.vendor/bundle/ruby/2.7.0/gems/racc-1.6.1/ext/racc/cparse'
:217: warning: ignoring old recipe for target '.cc.S'
Makefile:221: warning: overriding recipe for target '.mm.o'
make[1]: Entering directory '/home/runner/work/r-raster-vector-geospatial/r-raster-vector-geospatial/.vendor/bundle/ruby/2.7.0/gems/racc-1.6.1/ext/racc/cparse'
:221: warning: ignoring old recipe for target '.mm.o'
Makefile:225: warning: overriding recipe for target '.mm.S'
make[1]: Entering directory '/home/runner/work/r-raster-vector-geospatial/r-raster-vector-geospatial/.vendor/bundle/ruby/2.7.0/gems/racc-1.6.1/ext/racc/cparse'
:225: warning: ignoring old recipe for target '.mm.S'
Makefile:229: warning: overriding recipe for target '.cxx.o'
make[1]: Entering directory '/home/runner/work/r-raster-vector-geospatial/r-raster-vector-geospatial/.vendor/bundle/ruby/2.7.0/gems/racc-1.6.1/ext/racc/cparse'
:229: warning: ignoring old recipe for target '.cxx.o'
Makefile:233: warning: overriding recipe for target '.cxx.S'
make[1]: Entering directory '/home/runner/work/r-raster-vector-geospatial/r-raster-vector-geospatial/.vendor/bundle/ruby/2.7.0/gems/racc-1.6.1/ext/racc/cparse'
:233: warning: ignoring old recipe for target '.cxx.S'
Makefile:237: warning: overriding recipe for target '.cpp.o'
make[1]: Entering directory '/home/runner/work/r-raster-vector-geospatial/r-raster-vector-geospatial/.vendor/bundle/ruby/2.7.0/gems/racc-1.6.1/ext/racc/cparse'
:237: warning: ignoring old recipe for target '.cpp.o'
Makefile:241: warning: overriding recipe for target '.cpp.S'
make[1]: Entering directory '/home/runner/work/r-raster-vector-geospatial/r-raster-vector-geospatial/.vendor/bundle/ruby/2.7.0/gems/racc-1.6.1/ext/racc/cparse'
:241: warning: ignoring old recipe for target '.cpp.S'
Makefile:245: warning: overriding recipe for target '.c.o'
make[1]: Entering directory '/home/runner/work/r-raster-vector-geospatial/r-raster-vector-geospatial/.vendor/bundle/ruby/2.7.0/gems/racc-1.6.1/ext/racc/cparse'
:245: warning: ignoring old recipe for target '.c.o'
Makefile:249: warning: overriding recipe for target '.c.S'
make[1]: Entering directory '/home/runner/work/r-raster-vector-geospatial/r-raster-vector-geospatial/.vendor/bundle/ruby/2.7.0/gems/racc-1.6.1/ext/racc/cparse'
:249: warning: ignoring old recipe for target '.c.S'
Makefile:253: warning: overriding recipe for target '.m.o'
make[1]: Entering directory '/home/runner/work/r-raster-vector-geospatial/r-raster-vector-geospatial/.vendor/bundle/ruby/2.7.0/gems/racc-1.6.1/ext/racc/cparse'
:253: warning: ignoring old recipe for target '.m.o'
Makefile:257: warning: overriding recipe for target '.m.S'
make[1]: Entering directory '/home/runner/work/r-raster-vector-geospatial/r-raster-vector-geospatial/.vendor/bundle/ruby/2.7.0/gems/racc-1.6.1/ext/racc/cparse'
:257: warning: ignoring old recipe for target '.m.S'
Makefile:261: warning: overriding recipe for target 'cparse.so'
make[1]: Entering directory '/home/runner/work/r-raster-vector-geospatial/r-raster-vector-geospatial/.vendor/bundle/ruby/2.7.0/gems/racc-1.6.1/ext/racc/cparse'
:261: warning: ignoring old recipe for target 'cparse.so'
/usr/bin/install -c -m 0755 cparse.so ./.gem.20221216-7624-mvwjbs/racc
make[1]: Leaving directory '/home/runner/work/r-raster-vector-geospatial/r-raster-vector-geospatial/.vendor/bundle/ruby/2.7.0/gems/racc-1.6.1/ext/racc/cparse'
